0 info it worked if it ends with ok
1 verbose cli [ '/opt/node-v6.9.5-linux-x64/bin/node',
1 verbose cli   '/usr/local/bin/npm',
1 verbose cli   'run',
1 verbose cli   'rev' ]
2 info using npm@3.10.10
3 info using node@v6.9.5
4 verbose stack Error: missing script: rev
4 verbose stack     at run (/opt/node-v6.9.5-linux-x64/lib/node_modules/npm/lib/run-script.js:151:19)
4 verbose stack     at /opt/node-v6.9.5-linux-x64/lib/node_modules/npm/lib/run-script.js:61:5
4 verbose stack     at /opt/node-v6.9.5-linux-x64/lib/node_modules/npm/node_modules/read-package-json/read-json.js:356:5
4 verbose stack     at checkBinReferences_ (/opt/node-v6.9.5-linux-x64/lib/node_modules/npm/node_modules/read-package-json/read-json.js:320:45)
4 verbose stack     at final (/opt/node-v6.9.5-linux-x64/lib/node_modules/npm/node_modules/read-package-json/read-json.js:354:3)
4 verbose stack     at then (/opt/node-v6.9.5-linux-x64/lib/node_modules/npm/node_modules/read-package-json/read-json.js:124:5)
4 verbose stack     at /opt/node-v6.9.5-linux-x64/lib/node_modules/npm/node_modules/read-package-json/read-json.js:311:12
4 verbose stack     at /opt/node-v6.9.5-linux-x64/lib/node_modules/npm/node_modules/graceful-fs/graceful-fs.js:78:16
4 verbose stack     at tryToString (fs.js:455:3)
4 verbose stack     at FSReqWrap.readFileAfterClose [as oncomplete] (fs.js:442:12)
5 verbose cwd /home/weiwenhao/Code/blog
6 error Linux 4.4.0-63-generic
7 error argv "/opt/node-v6.9.5-linux-x64/bin/node" "/usr/local/bin/npm" "run" "rev"
8 error node v6.9.5
9 error npm  v3.10.10
10 error missing script: rev
11 error If you need help, you may report this error at:
11 error     <https://github.com/npm/npm/issues>
12 verbose exit [ 1, true ]
